0 info it worked if it ends with ok
1 verbose cli [ '/usr/local/bin/node', '/usr/local/bin/npm', 'run', 'develop' ]
2 info using npm@4.0.5
3 info using node@v7.4.0
4 verbose run-script [ 'predevelop', 'develop', 'postdevelop' ]
5 info lifecycle open-chat-api@1.0.0~predevelop: open-chat-api@1.0.0
6 silly lifecycle open-chat-api@1.0.0~predevelop: no script for predevelop, continuing
7 info lifecycle open-chat-api@1.0.0~develop: open-chat-api@1.0.0
8 verbose lifecycle open-chat-api@1.0.0~develop: unsafe-perm in lifecycle true
9 verbose lifecycle open-chat-api@1.0.0~develop: PATH: /usr/local/lib/node_modules/npm/bin/node-gyp-bin:/Users/Home/My_Code/APIs/open-chat-api/node_modules/.bin:/Users/Home/.rvm/gems/ruby-2.2.4/bin:/Users/Home/.rvm/gems/ruby-2.2.4@global/bin:/Users/Home/.rvm/rubies/ruby-2.2.4/bin:/Users/Home/.rbenv/bin:/usr/local/bin:/usr/bin:/sbin:/usr/local/sbin:usr/local/bin:/usr/local/mysql/bin:./:/usr/local/bin:/usr/bin:/bin:/usr/sbin:/sbin:/Users/Home/.rvm/bin
10 verbose lifecycle open-chat-api@1.0.0~develop: CWD: /Users/Home/My_Code/APIs/open-chat-api
11 silly lifecycle open-chat-api@1.0.0~develop: Args: [ '-c', 'DEBUG=app npm start' ]
12 silly lifecycle open-chat-api@1.0.0~develop: Returned: code: 1  signal: null
13 info lifecycle open-chat-api@1.0.0~develop: Failed to exec develop script
14 verbose stack Error: open-chat-api@1.0.0 develop: `DEBUG=app npm start`
14 verbose stack Exit status 1
14 verbose stack     at EventEmitter.<anonymous> (/usr/local/lib/node_modules/npm/lib/utils/lifecycle.js:279:16)
14 verbose stack     at emitTwo (events.js:106:13)
14 verbose stack     at EventEmitter.emit (events.js:191:7)
14 verbose stack     at ChildProcess.<anonymous> (/usr/local/lib/node_modules/npm/lib/utils/spawn.js:40:14)
14 verbose stack     at emitTwo (events.js:106:13)
14 verbose stack     at ChildProcess.emit (events.js:191:7)
14 verbose stack     at maybeClose (internal/child_process.js:885:16)
14 verbose stack     at Process.ChildProcess._handle.onexit (internal/child_process.js:226:5)
15 verbose pkgid open-chat-api@1.0.0
16 verbose cwd /Users/Home/My_Code/APIs/open-chat-api
17 error Darwin 17.3.0
18 error argv "/usr/local/bin/node" "/usr/local/bin/npm" "run" "develop"
19 error node v7.4.0
20 error npm  v4.0.5
21 error code ELIFECYCLE
22 error open-chat-api@1.0.0 develop: `DEBUG=app npm start`
22 error Exit status 1
23 error Failed at the open-chat-api@1.0.0 develop script 'DEBUG=app npm start'.
23 error Make sure you have the latest version of node.js and npm installed.
23 error If you do, this is most likely a problem with the open-chat-api package,
23 error not with npm itself.
23 error Tell the author that this fails on your system:
23 error     DEBUG=app npm start
23 error You can get information on how to open an issue for this project with:
23 error     npm bugs open-chat-api
23 error Or if that isn't available, you can get their info via:
23 error     npm owner ls open-chat-api
23 error There is likely additional logging output above.
24 verbose exit [ 1, true ]
